  Scene.cpp
D:\Documents\cpp_workplace\CG\GAMES101\Assignments\Assignment7\global.hpp(19,46): warning C4244: '=': conversion from 'double' to 'float', possible loss of data
D:\Documents\cpp_workplace\CG\GAMES101\Assignments\Assignment7\global.hpp(21,17): warning C4244: 'initializing': conversion from 'double' to 'float', possible loss of data
D:\Documents\cpp_workplace\CG\GAMES101\Assignments\Assignment7\global.hpp(45,13): warning C4244: 'initializing': conversion from 'float' to 'int', possible loss of data
D:\Documents\cpp_workplace\CG\GAMES101\Assignments\Assignment7\Ray.hpp(16,68): warning C4244: 'argument': conversion from 'double' to 'float', possible loss of data
D:\Documents\cpp_workplace\CG\GAMES101\Assignments\Assignment7\Ray.hpp(16,52): warning C4244: 'argument': conversion from 'double' to 'float', possible loss of data
D:\Documents\cpp_workplace\CG\GAMES101\Assignments\Assignment7\Ray.hpp(16,36): warning C4244: 'argument': conversion from 'double' to 'float', possible loss of data
D:\Documents\cpp_workplace\CG\GAMES101\Assignments\Assignment7\Ray.hpp(22,65): warning C4244: 'argument': conversion from 'double' to 'const float', possible loss of data
D:\Documents\cpp_workplace\CG\GAMES101\Assignments\Assignment7\Bounds3.hpp(20,41): warning C4244: 'argument': conversion from 'double' to 'float', possible loss of data
D:\Documents\cpp_workplace\CG\GAMES101\Assignments\Assignment7\Bounds3.hpp(20,33): warning C4244: 'argument': conversion from 'double' to 'float', possible loss of data
D:\Documents\cpp_workplace\CG\GAMES101\Assignments\Assignment7\Bounds3.hpp(20,25): warning C4244: 'argument': conversion from 'double' to 'float', possible loss of data
D:\Documents\cpp_workplace\CG\GAMES101\Assignments\Assignment7\Bounds3.hpp(21,41): warning C4244: 'argument': conversion from 'double' to 'float', possible loss of data
D:\Documents\cpp_workplace\CG\GAMES101\Assignments\Assignment7\Bounds3.hpp(21,33): warning C4244: 'argument': conversion from 'double' to 'float', possible loss of data
D:\Documents\cpp_workplace\CG\GAMES101\Assignments\Assignment7\Bounds3.hpp(21,25): warning C4244: 'argument': conversion from 'double' to 'float', possible loss of data
D:\Documents\cpp_workplace\CG\GAMES101\Assignments\Assignment7\Scene.hpp(23,30): warning C4305: 'argument': truncation from 'double' to 'float'
D:\Documents\cpp_workplace\CG\GAMES101\Assignments\Assignment7\Scene.hpp(25,27): warning C4305: 'initializing': truncation from 'double' to 'float'
D:\Documents\cpp_workplace\CG\GAMES101\Assignments\Assignment7\Material.hpp(177): warning C4715: 'Material::eval': not all control paths return a value
D:\Documents\cpp_workplace\CG\GAMES101\Assignments\Assignment7\Material.hpp(160): warning C4715: 'Material::pdf': not all control paths return a value
D:\Documents\cpp_workplace\CG\GAMES101\Assignments\Assignment7\Material.hpp(146): warning C4715: 'Material::sample': not all control paths return a value
  Assignment7.vcxproj -> D:\Documents\cpp_workplace\CG\GAMES101\Assignments\x64\Debug\Assignment7.exe
