  main.cpp
D:\Documents\cpp_workplace\CG\GAMES101\Assignments\Assignment6\global.hpp(19,46): warning C4244: '=': conversion from 'double' to 'float', possible loss of data
D:\Documents\cpp_workplace\CG\GAMES101\Assignments\Assignment6\global.hpp(21,17): warning C4244: 'initializing': conversion from 'double' to 'float', possible loss of data
D:\Documents\cpp_workplace\CG\GAMES101\Assignments\Assignment6\global.hpp(45,13): warning C4244: 'initializing': conversion from 'float' to 'int', possible loss of data
D:\Documents\cpp_workplace\CG\GAMES101\Assignments\Assignment6\Ray.hpp(16,68): warning C4244: 'argument': conversion from 'double' to 'float', possible loss of data
D:\Documents\cpp_workplace\CG\GAMES101\Assignments\Assignment6\Ray.hpp(16,52): warning C4244: 'argument': conversion from 'double' to 'float', possible loss of data
D:\Documents\cpp_workplace\CG\GAMES101\Assignments\Assignment6\Ray.hpp(16,36): warning C4244: 'argument': conversion from 'double' to 'float', possible loss of data
D:\Documents\cpp_workplace\CG\GAMES101\Assignments\Assignment6\Ray.hpp(22,65): warning C4244: 'argument': conversion from 'double' to 'const float', possible loss of data
D:\Documents\cpp_workplace\CG\GAMES101\Assignments\Assignment6\Bounds3.hpp(23,41): warning C4244: 'argument': conversion from 'double' to 'float', possible loss of data
D:\Documents\cpp_workplace\CG\GAMES101\Assignments\Assignment6\Bounds3.hpp(23,33): warning C4244: 'argument': conversion from 'double' to 'float', possible loss of data
D:\Documents\cpp_workplace\CG\GAMES101\Assignments\Assignment6\Bounds3.hpp(23,25): warning C4244: 'argument': conversion from 'double' to 'float', possible loss of data
D:\Documents\cpp_workplace\CG\GAMES101\Assignments\Assignment6\Bounds3.hpp(24,41): warning C4244: 'argument': conversion from 'double' to 'float', possible loss of data
D:\Documents\cpp_workplace\CG\GAMES101\Assignments\Assignment6\Bounds3.hpp(24,33): warning C4244: 'argument': conversion from 'double' to 'float', possible loss of data
D:\Documents\cpp_workplace\CG\GAMES101\Assignments\Assignment6\Bounds3.hpp(24,25): warning C4244: 'argument': conversion from 'double' to 'float', possible loss of data
D:\Documents\cpp_workplace\CG\GAMES101\Assignments\Assignment6\Scene.hpp(23,30): warning C4305: 'argument': truncation from 'double' to 'float'
D:\Documents\cpp_workplace\CG\GAMES101\Assignments\Assignment6\OBJ_Loader.hpp(945,33): warning C4244: 'initializing': conversion from 'double' to 'float', possible loss of data
D:\Documents\cpp_workplace\CG\GAMES101\Assignments\Assignment6\Triangle.hpp(112,1): warning C4305: '=': truncation from 'double' to 'float'
D:\Documents\cpp_workplace\CG\GAMES101\Assignments\Assignment6\Triangle.hpp(172,23): warning C4244: 'initializing': conversion from 'int' to 'float', possible loss of data
D:\Documents\cpp_workplace\CG\GAMES101\Assignments\Assignment6\Triangle.hpp(175,1): warning C4305: 'argument': truncation from 'double' to 'float'
D:\Software\VS2022\IDE\VC\Tools\MSVC\14.32.31326\include\memory(3423,56): warning C4244: 'argument': conversion from '_Ty' to 'float', possible loss of data
          with
          [
              _Ty=int
          ]
D:\Documents\cpp_workplace\CG\GAMES101\Assignments\Assignment6\main.cpp(19): message : see reference to function template instantiation 'std::unique_ptr<Light,std::default_delete<Light>> std::make_unique<Light,Vector3f,int,0>(Vector3f &&,int &&)' being compiled
  Assignment6.vcxproj -> D:\Documents\cpp_workplace\CG\GAMES101\Assignments\x64\Debug\Assignment6.exe
