  rasterizer.cpp
D:\Documents\cpp_workplace\CG\GAMES101\Assignments\Assignment2\rasterizer.cpp(90,29): warning C4305: “初始化”: 从“double”到“float”截断
D:\Documents\cpp_workplace\CG\GAMES101\Assignments\Assignment2\rasterizer.cpp(91,29): warning C4305: “初始化”: 从“double”到“float”截断
D:\Documents\cpp_workplace\CG\GAMES101\Assignments\Assignment2\rasterizer.cpp(109,27): warning C4244: “=”: 从“double”转换到“float”，可能丢失数据
D:\Documents\cpp_workplace\CG\GAMES101\Assignments\Assignment2\rasterizer.cpp(110,28): warning C4244: “=”: 从“double”转换到“float”，可能丢失数据
D:\Documents\cpp_workplace\CG\GAMES101\Assignments\Assignment2\rasterizer.cpp(143,11): warning C4244: “初始化”: 从“const _Ty”转换到“int”，可能丢失数据
          with
          [
              _Ty=float
          ]
D:\Documents\cpp_workplace\CG\GAMES101\Assignments\Assignment2\rasterizer.cpp(144,11): warning C4244: “初始化”: 从“const _Ty”转换到“int”，可能丢失数据
          with
          [
              _Ty=float
          ]
D:\Documents\cpp_workplace\CG\GAMES101\Assignments\Assignment2\rasterizer.cpp(145,11): warning C4244: “初始化”: 从“const _Ty”转换到“int”，可能丢失数据
          with
          [
              _Ty=float
          ]
D:\Documents\cpp_workplace\CG\GAMES101\Assignments\Assignment2\rasterizer.cpp(146,11): warning C4244: “初始化”: 从“const _Ty”转换到“int”，可能丢失数据
          with
          [
              _Ty=float
          ]
D:\Documents\cpp_workplace\CG\GAMES101\Assignments\Assignment2\rasterizer.cpp(156,60): warning C4244: “参数”: 从“int”转换到“float”，可能丢失数据
D:\Documents\cpp_workplace\CG\GAMES101\Assignments\Assignment2\rasterizer.cpp(156,57): warning C4244: “参数”: 从“int”转换到“float”，可能丢失数据
D:\Documents\cpp_workplace\CG\GAMES101\Assignments\Assignment2\rasterizer.cpp(157,27): warning C4244: “初始化”: 从“double”转换到“float”，可能丢失数据
D:\Documents\cpp_workplace\CG\GAMES101\Assignments\Assignment2\rasterizer.cpp(176,34): warning C4244: “参数”: 从“int”转换到“const float”，可能丢失数据
D:\Documents\cpp_workplace\CG\GAMES101\Assignments\Assignment2\rasterizer.cpp(176,31): warning C4244: “参数”: 从“int”转换到“const float”，可能丢失数据
D:\Documents\cpp_workplace\CG\GAMES101\Assignments\Assignment2\rasterizer.cpp(184,58): warning C4244: “参数”: 从“int”转换到“float”，可能丢失数据
D:\Documents\cpp_workplace\CG\GAMES101\Assignments\Assignment2\rasterizer.cpp(184,55): warning C4244: “参数”: 从“int”转换到“float”，可能丢失数据
D:\Documents\cpp_workplace\CG\GAMES101\Assignments\Assignment2\rasterizer.cpp(185,25): warning C4244: “初始化”: 从“double”转换到“float”，可能丢失数据
D:\Documents\cpp_workplace\CG\GAMES101\Assignments\Assignment2\rasterizer.cpp(193,36): warning C4244: “参数”: 从“int”转换到“const float”，可能丢失数据
D:\Documents\cpp_workplace\CG\GAMES101\Assignments\Assignment2\rasterizer.cpp(193,33): warning C4244: “参数”: 从“int”转换到“const float”，可能丢失数据
D:\Documents\cpp_workplace\CG\GAMES101\Assignments\Assignment2\rasterizer.cpp(282,12): warning C4244: “参数”: 从“float”转换到“const unsigned __int64”，可能丢失数据
  Assignment2.vcxproj -> D:\Documents\cpp_workplace\CG\GAMES101\Assignments\x64\Debug\Assignment2.exe
